c:\users\el motaheda\source\repos\application1\x64\debug\vc143.pdb
c:\users\el motaheda\source\repos\application1\x64\debug\vc143.idb
c:\users\el motaheda\source\repos\application1\x64\debug\student.obj
c:\users\el motaheda\source\repos\application1\x64\debug\io.obj
c:\users\el motaheda\source\repos\application1\x64\debug\doctor.obj
c:\users\el motaheda\source\repos\application1\x64\debug\messages.obj
c:\users\el motaheda\source\repos\application1\x64\debug\assistant.obj
c:\users\el motaheda\source\repos\application1\x64\debug\application1.obj
c:\users\el motaheda\source\repos\application1\x64\debug\write.obj
c:\users\el motaheda\source\repos\application1\x64\debug\user.obj
c:\users\el motaheda\source\repos\application1\x64\debug\application1.exe
c:\users\el motaheda\source\repos\application1\x64\debug\application1.ilk
c:\users\el motaheda\source\repos\application1\x64\debug\application1.pdb
c:\users\el motaheda\source\repos\application1\x64\debug\application1.tlog\cl.command.1.tlog
c:\users\el motaheda\source\repos\application1\x64\debug\application1.tlog\cl.items.tlog
c:\users\el motaheda\source\repos\application1\x64\debug\application1.tlog\cl.read.1.tlog
c:\users\el motaheda\source\repos\application1\x64\debug\application1.tlog\cl.write.1.tlog
c:\users\el motaheda\source\repos\application1\x64\debug\application1.tlog\link.command.1.tlog
c:\users\el motaheda\source\repos\application1\x64\debug\application1.tlog\link.read.1.tlog
c:\users\el motaheda\source\repos\application1\x64\debug\application1.tlog\link.write.1.tlog
